<?xml version="1.0" encoding="UTF-8"?>
<!-- Generated by org.testng.reporters.JUnitReportReporter -->
<testsuite hostname="DESKTOP-GEL91EN" failures="0" tests="10" name="testcases.TestcaseswithDataProvider" time="0.072" errors="0" timestamp="2023-07-05T09:14:04 IST" skipped="0">
  <testcase classname="testcases.TestcaseswithDataProvider" name="testcase_withVijayUser2" time="0.007"/>
  <testcase classname="testcases.TestcaseswithDataProvider" name="testcase_withVijayUser2" time="0.003"/>
  <testcase classname="testcases.TestcaseswithDataProvider" name="testcase_withVijayUser" time="0.004"/>
  <testcase classname="testcases.TestcaseswithDataProvider" name="testcase_withVijayUser" time="0.005"/>
  <testcase classname="testcases.TestcaseswithDataProvider" name="testcase_withVijayUser2" time="0.006"/>
  <testcase classname="testcases.TestcaseswithDataProvider" name="testcase_withVijayUser" time="0.016"/>
  <testcase classname="testcases.TestcaseswithDataProvider" name="testcase_withVijayUser1" time="0.018"/>
  <testcase classname="testcases.TestcaseswithDataProvider" name="testcase_withVijayUser" time="0.004"/>
  <testcase classname="testcases.TestcaseswithDataProvider" name="testcase_withVijayUser1" time="0.005"/>
  <testcase classname="testcases.TestcaseswithDataProvider" name="testcase_withVijayUser1" time="0.004"/>
</testsuite> <!-- testcases.TestcaseswithDataProvider -->
