<?xml version="1.0" encoding="UTF-8"?>
<!-- Generated by org.testng.reporters.JUnitReportReporter -->
<testsuite hostname="DESKTOP-GEL91EN" failures="0" tests="10" name="testcases.TestcaseswithDataProvider" time="0.038" errors="0" timestamp="2023-07-27T11:03:55 IST" skipped="0">
  <testcase classname="testcases.TestcaseswithDataProvider" name="testcase_withVijayUser" time="0.003"/>
  <testcase classname="testcases.TestcaseswithDataProvider" name="testcase_withVijayUser" time="0.010"/>
  <testcase classname="testcases.TestcaseswithDataProvider" name="testcase_withVijayUser1" time="0.004"/>
  <testcase classname="testcases.TestcaseswithDataProvider" name="testcase_withVijayUser2" time="0.002"/>
  <testcase classname="testcases.TestcaseswithDataProvider" name="testcase_withVijayUser" time="0.004"/>
  <testcase classname="testcases.TestcaseswithDataProvider" name="testcase_withVijayUser2" time="0.004"/>
  <testcase classname="testcases.TestcaseswithDataProvider" name="testcase_withVijayUser1" time="0.004"/>
  <testcase classname="testcases.TestcaseswithDataProvider" name="testcase_withVijayUser2" time="0.002"/>
  <testcase classname="testcases.TestcaseswithDataProvider" name="testcase_withVijayUser1" time="0.003"/>
  <testcase classname="testcases.TestcaseswithDataProvider" name="testcase_withVijayUser" time="0.002"/>
</testsuite> <!-- testcases.TestcaseswithDataProvider -->
